#
# There is insufficient memory for the Java Runtime Environment to continue.
# Native memory allocation (malloc) failed to allocate 1517456 bytes for Chunk::new
# Possible reasons:
#   The system is out of physical RAM or swap space
#   The process is running with CompressedOops enabled, and the Java Heap may be blocking the growth of the native heap
# Possible solutions:
#   Reduce memory load on the system
#   Increase physical memory or swap space
#   Check if swap backing store is full
#   Decrease Java heap size (-Xmx/-Xms)
#   Decrease number of Java threads
#   Decrease Java thread stack sizes (-Xss)
#   Set larger code cache with -XX:ReservedCodeCacheSize=
#   JVM is running with Unscaled Compressed Oops mode in which the Java heap is
#     placed in the first 4GB address space. The Java Heap base address is the
#     maximum limit for the native heap growth. Please use -XX:HeapBaseMinAddress
#     to set the Java Heap base and to place the Java Heap above 4GB virtual address.
# This output file may be truncated or incomplete.
#
#  Out of Memory Error (allocation.cpp:389), pid=14692, tid=0x000000000000346c
#
# JRE version: OpenJDK Runtime Environment (8.0_242-b01) (build 1.8.0_242-release-1644-b01)
# Java VM: OpenJDK 64-Bit Server VM (25.242-b01 mixed mode windows-amd64 compressed oops)
# Failed to write core dump. Minidumps are not enabled by default on client versions of Windows
#

---------------  T H R E A D  ---------------

Current thread (0x0000000017488800):  JavaThread "C2 CompilerThread0" daemon [_thread_in_native, id=13420, stack(0x0000000018af0000,0x0000000018bf0000)]

Stack: [0x0000000018af0000,0x0000000018bf0000]
[error occurred during error reporting (printing stack bounds), id 0xc0000005]

Native frames: (J=compiled Java code, j=interpreted, Vv=VM code, C=native code)


Current CompileTask:
C2: 378715 21796 %     4       com.android.tools.r8.ir.regalloc.a::a @ 2115 (3993 bytes)


---------------  P R O C E S S  ---------------

Java Threads: ( => current thread )
  0x0000000020608800 JavaThread "WorkerExecutor Queue Thread 3" [_thread_blocked, id=11928, stack(0x0000000028ef0000,0x0000000028ff0000)]
  0x000000002060d000 JavaThread "Cache worker for Java compile cache (D:\CODE\AndroidStudio\Android_Ecommerce-\.gradle\6.1.1\javaCompile)" [_thread_blocked, id=7940, stack(0x00000000288f0000,0x00000000289f0000)]
  0x000000002060d800 JavaThread "Cache worker for Java compile cache (C:\Users\Lenovo\.gradle\caches\6.1.1\javaCompile)" [_thread_blocked, id=12828, stack(0x00000000287f0000,0x00000000288f0000)]
  0x000000001f085800 JavaThread "RMI TCP Connection(4)-127.0.0.1" daemon [_thread_in_native, id=17912, stack(0x0000000028080000,0x0000000028180000)]
  0x000000001f084800 JavaThread "RMI TCP Connection(3)-127.0.0.1" daemon [_thread_in_native, id=11596, stack(0x0000000027f80000,0x0000000028080000)]
  0x000000001f08a000 JavaThread "RMI RenewClean-[127.0.0.1:17862,org.jetbrains.kotlin.daemon.common.LoopbackNetworkInterface$ClientLoopbackSocketFactory@c10f5b3]" daemon [_thread_blocked, id=12420, stack(0x0000000027e80000,0x0000000027f80000)]
  0x000000001f084000 JavaThread "stdout" [_thread_in_native, id=13492, stack(0x0000000027d80000,0x0000000027e80000)]
  0x000000001f089000 JavaThread "stderr" [_thread_in_native, id=10476, stack(0x0000000027c80000,0x0000000027d80000)]
  0x000000001f081800 JavaThread "pool-8-thread-1" [_thread_blocked, id=12120, stack(0x0000000026a10000,0x0000000026b10000)]
  0x000000001f087000 JavaThread "WorkerExecutor Queue Thread 2" [_thread_in_native, id=11512, stack(0x0000000026910000,0x0000000026a10000)]
  0x000000001f087800 JavaThread "WorkerExecutor Queue" [_thread_blocked, id=15712, stack(0x0000000026360000,0x0000000026460000)]
  0x000000001f088800 JavaThread "Cache worker for execution history cache (D:\CODE\AndroidStudio\Android_Ecommerce-\.gradle\6.1.1\executionHistory)" [_thread_blocked, id=12824, stack(0x0000000026260000,0x0000000026360000)]
  0x000000001f07c800 JavaThread "Execution worker for ':' Thread 3" [_thread_blocked, id=14012, stack(0x0000000026160000,0x0000000026260000)]
  0x000000001f07e800 JavaThread "Execution worker for ':' Thread 2" [_thread_in_Java, id=5892, stack(0x0000000026060000,0x0000000026160000)]
  0x000000001f081000 JavaThread "Execution worker for ':'" [_thread_in_Java, id=8176, stack(0x0000000024c70000,0x0000000024d70000)]
  0x000000001f080000 JavaThread "Cache worker for file content cache (D:\CODE\AndroidStudio\Android_Ecommerce-\.gradle\6.1.1\fileContent)" [_thread_blocked, id=1996, stack(0x0000000023cc0000,0x0000000023dc0000)]
  0x000000001f07f800 JavaThread "Cache worker for Build Output Cleanup Cache (D:\CODE\AndroidStudio\Android_Ecommerce-\.gradle\buildOutputCleanup)" [_thread_blocked, id=14168, stack(0x0000000022fc0000,0x00000000230c0000)]
  0x000000001f288800 JavaThread "Build operations Thread 4" [_thread_blocked, id=6276, stack(0x0000000022ec0000,0x0000000022fc0000)]
  0x000000001f287000 JavaThread "Build operations Thread 3" [_thread_blocked, id=12264, stack(0x0000000022dc0000,0x0000000022ec0000)]
  0x000000001f284000 JavaThread "Build operations Thread 2" [_thread_blocked, id=2284, stack(0x000000001fdb0000,0x000000001feb0000)]
  0x000000001f287800 JavaThread "Build operations" [_thread_blocked, id=18092, stack(0x000000001fcb0000,0x000000001fdb0000)]
  0x000000001f282800 JavaThread "Cache worker for cache directory md-rule (C:\Users\Lenovo\.gradle\caches\6.1.1\md-rule)" [_thread_blocked, id=9180, stack(0x000000001fbb0000,0x000000001fcb0000)]
  0x000000001f286000 JavaThread "Cache worker for cache directory md-supplier (C:\Users\Lenovo\.gradle\caches\6.1.1\md-supplier)" [_thread_blocked, id=16572, stack(0x000000001fab0000,0x000000001fbb0000)]
  0x000000001f283000 JavaThread "Cache worker for file hash cache (D:\CODE\AndroidStudio\Android_Ecommerce-\.gradle\6.1.1\fileHashes)" [_thread_blocked, id=4824, stack(0x000000001f5b0000,0x000000001f6b0000)]
  0x000000001f285800 JavaThread "Cache worker for checksums cache (D:\CODE\AndroidStudio\Android_Ecommerce-\.gradle\checksums)" [_thread_blocked, id=14856, stack(0x000000001cd10000,0x000000001ce10000)]
  0x000000001f27a000 JavaThread "Thread-84" [_thread_blocked, id=16024, stack(0x000000001ca10000,0x000000001cb10000)]
  0x000000001f27e800 JavaThread "Stdin handler" [_thread_blocked, id=11776, stack(0x000000001c910000,0x000000001ca10000)]
  0x000000001f27e000 JavaThread "Asynchronous log dispatcher for DefaultDaemonConnection: socket connection from /127.0.0.1:63218 to /127.0.0.1:63359" [_thread_blocked, id=18312, stack(0x000000001c610000,0x000000001c710000)]
  0x000000001f281000 JavaThread "Daemon worker Thread 4" [_thread_in_native, id=3248, stack(0x000000001c510000,0x000000001c610000)]
  0x000000001f279800 JavaThread "Cancel handler" [_thread_blocked, id=7640, stack(0x0000000000bb0000,0x0000000000cb0000)]
  0x000000001f27b800 JavaThread "Handler for socket connection from /127.0.0.1:63218 to /127.0.0.1:63359" [_thread_in_native, id=8096, stack(0x0000000000ab0000,0x0000000000bb0000)]
  0x000000001f27c800 JavaThread "Daemon Thread 4" [_thread_blocked, id=11412, stack(0x00000000009b0000,0x0000000000ab0000)]
  0x000000001f083000 JavaThread "RMI Reaper" [_thread_blocked, id=10316, stack(0x0000000028df0000,0x0000000028ef0000)]
  0x000000001f07b800 JavaThread "RMI TCP Accept-0" daemon [_thread_in_native, id=12664, stack(0x0000000028cf0000,0x0000000028df0000)]
  0x000000001f07d000 JavaThread "GC Daemon" daemon [_thread_blocked, id=15756, stack(0x0000000028bf0000,0x0000000028cf0000)]
  0x000000001f082800 JavaThread "RMI Scheduler(0)" daemon [_thread_blocked, id=3576, stack(0x0000000027b80000,0x0000000027c80000)]
  0x000000001f27d000 JavaThread "Cache worker for file content cache (C:\Users\Lenovo\.gradle\caches\6.1.1\fileContent)" [_thread_blocked, id=10076, stack(0x00000000239c0000,0x0000000023ac0000)]
  0x000000001b119000 JavaThread "Memory manager" [_thread_blocked, id=15292, stack(0x00000000230c0000,0x00000000231c0000)]
  0x000000001b116000 JavaThread "Cache worker for execution history cache (C:\Users\Lenovo\.gradle\caches\6.1.1\executionHistory)" [_thread_blocked, id=10012, stack(0x0000000020e90000,0x0000000020f90000)]
  0x000000001b115800 JavaThread "Cache worker for file hash cache (C:\Users\Lenovo\.gradle\caches\6.1.1\fileHashes)" [_thread_blocked, id=10904, stack(0x000000001d210000,0x000000001d310000)]
  0x000000001b114800 JavaThread "File lock request listener" [_thread_in_native, id=7568, stack(0x000000001d110000,0x000000001d210000)]
  0x000000001b202800 JavaThread "Cache worker for journal cache (C:\Users\Lenovo\.gradle\caches\journal-1)" [_thread_blocked, id=13556, stack(0x000000001d010000,0x000000001d110000)]
  0x000000001afef000 JavaThread "Daemon periodic checks" [_thread_blocked, id=18256, stack(0x000000001c410000,0x000000001c510000)]
  0x000000001b045000 JavaThread "Incoming local TCP Connector on port 63218" [_thread_in_native, id=9112, stack(0x000000001c1d0000,0x000000001c2d0000)]
  0x000000001afb1000 JavaThread "Daemon health stats" [_thread_blocked, id=3556, stack(0x000000001bb90000,0x000000001bc90000)]
  0x0000000018e11000 JavaThread "Service Thread" daemon [_thread_blocked, id=15220, stack(0x00000000191f0000,0x00000000192f0000)]
  0x0000000017491800 JavaThread "C1 CompilerThread2" daemon [_thread_in_native, id=15044, stack(0x0000000018cf0000,0x0000000018df0000)]
  0x000000001748b000 JavaThread "C2 CompilerThread1" daemon [_thread_in_native, id=11140, stack(0x0000000018bf0000,0x0000000018cf0000)]
=>0x0000000017488800 JavaThread "C2 CompilerThread0" daemon [_thread_in_native, id=13420, stack(0x0000000018af0000,0x0000000018bf0000)]
  0x0000000017487000 JavaThread "Attach Listener" daemon [_thread_blocked, id=17172, stack(0x00000000189f0000,0x0000000018af0000)]
  0x0000000017485800 JavaThread "Signal Dispatcher" daemon [_thread_blocked, id=10188, stack(0x00000000188f0000,0x00000000189f0000)]
  0x000000000285b800 JavaThread "Finalizer" daemon [_thread_blocked, id=3400, stack(0x00000000186f0000,0x00000000187f0000)]
  0x0000000017469000 JavaThread "Reference Handler" daemon [_thread_blocked, id=17848, stack(0x00000000185f0000,0x00000000186f0000)]
  0x0000000002762800 JavaThread "main" [_thread_blocked, id=8080, stack(0x0000000002560000,0x0000000002660000)]

Other Threads:
  0x0000000017445800 VMThread [stack: 0x00000000184f0000,0x00000000185f0000] [id=18424]
  0x0000000018e3a800 WatcherThread [stack: 0x00000000192f0000,0x00000000193f0000] [id=15388]

VM state:not at safepoint (normal execution)

VM Mutex/Monitor currently owned by a thread:  ([mutex/lock_event])
[0x000000000275c800] CodeCache_lock - owner thread: 0x0000000000000000
[0x0000000002761fd0] CompileStatistics_lock - owner thread: 0x0000000000000000

heap address: 0x0000000080000000, size: 2048 MB, Compressed Oops mode: 32-bit
Narrow klass base: 0x0000000000000000, Narrow klass shift: 3
Compressed class space size: 1073741824 Address: 0x0000000100000000

Heap:
 PSYoungGen      total 464384K, used 340366K [0x00000000d5580000, 0x00000000f8780000, 0x0000000100000000)
  eden space 393728K, 70% used [0x00000000d5580000,0x00000000e6365db0,0x00000000ed600000)
  from space 70656K, 90% used [0x00000000f4280000,0x00000000f80fda78,0x00000000f8780000)
  to   space 31744K, 0% used [0x00000000ed600000,0x00000000ed600000,0x00000000ef500000)
 ParOldGen       total 312320K, used 168138K [0x0000000080000000, 0x0000000093100000, 0x00000000d5580000)
  object space 312320K, 53% used [0x0000000080000000,0x000000008a432950,0x0000000093100000)
 Metaspace       used 117161K, capacity 123082K, committed 123288K, reserved 1157120K
  class space    used 15135K, capacity 16273K, committed 16296K, reserved 1048576K

Card table byte_map: [0x0000000011c20000,0x0000000012030000] byte_map_base: 0x0000000011820000

Marking Bits: (ParMarkBitMap*) 0x0000000053f7f030
 Begin Bits: [0x00000000126e0000, 0x00000000146e0000)
 End Bits:   [0x00000000146e0000, 0x00000000166e0000)

Polling page: 0x0000000000cd0000

CodeCache: size=245760Kb used=59742Kb max_used=60985Kb free=186017Kb
 bounds [0x0000000002860000, 0x0000000006440000, 0x0000000011860000]
 total_blobs=18948 nmethods=18005 adapters=851
 compilation: enabled

Compilation events (10 events):
Event: 378.695 Thread 0x0000000017491800 22067       1       com.android.tools.r8.u.b.w::i2 (2 bytes)
Event: 378.695 Thread 0x0000000017491800 nmethod 22067 0x000000000410bd90 code [0x000000000410bee0, 0x000000000410bff0]
Event: 378.700 Thread 0x0000000017491800 22069       2       com.android.tools.r8.ir.regalloc.a::a (101 bytes)
Event: 378.700 Thread 0x0000000017491800 nmethod 22069 0x0000000005b2e290 code [0x0000000005b2e400, 0x0000000005b2e618]
Event: 378.701 Thread 0x0000000017491800 22070       2       com.android.tools.r8.ir.regalloc.a::a (62 bytes)
Event: 378.701 Thread 0x0000000017491800 nmethod 22070 0x0000000005a2c410 code [0x0000000005a2c5c0, 0x0000000005a2c9c8]
Event: 378.702 Thread 0x0000000017491800 22071       2       com.android.tools.r8.u.b.F0::d0 (2 bytes)
Event: 378.703 Thread 0x0000000017491800 nmethod 22071 0x00000000041a2350 code [0x00000000041a24a0, 0x00000000041a25f0]
Event: 378.703 Thread 0x0000000017491800 22072       2       com.android.tools.r8.code.D0::equals (40 bytes)
Event: 378.703 Thread 0x0000000017491800 nmethod 22072 0x0000000005afd590 code [0x0000000005afd6e0, 0x0000000005afd8d0]

GC Heap History (10 events):
Event: 177.696 GC heap before
{Heap before GC invocations=20 (full 4):
 PSYoungGen      total 394240K, used 17668K [0x00000000d5580000, 0x00000000efd80000, 0x0000000100000000)
  eden space 357888K, 0% used [0x00000000d5580000,0x00000000d5580000,0x00000000eb300000)
  from space 36352K, 48% used [0x00000000ed500000,0x00000000ee6411a8,0x00000000ef880000)
  to   space 34816K, 0% used [0x00000000eb300000,0x00000000eb300000,0x00000000ed500000)
 ParOldGen       total 199680K, used 80226K [0x0000000080000000, 0x000000008c300000, 0x00000000d5580000)
  object space 199680K, 40% used [0x0000000080000000,0x0000000084e588d8,0x000000008c300000)
 Metaspace       used 93898K, capacity 98346K, committed 98584K, reserved 1134592K
  class space    used 12220K, capacity 13076K, committed 13096K, reserved 1048576K
Event: 178.001 GC heap after
Heap after GC invocations=20 (full 4):
 PSYoungGen      total 394240K, used 0K [0x00000000d5580000, 0x00000000efd80000, 0x0000000100000000)
  eden space 357888K, 0% used [0x00000000d5580000,0x00000000d5580000,0x00000000eb300000)
  from space 36352K, 0% used [0x00000000ed500000,0x00000000ed500000,0x00000000ef880000)
  to   space 34816K, 0% used [0x00000000eb300000,0x00000000eb300000,0x00000000ed500000)
 ParOldGen       total 312320K, used 73912K [0x0000000080000000, 0x0000000093100000, 0x00000000d5580000)
  object space 312320K, 23% used [0x0000000080000000,0x000000008482e340,0x0000000093100000)
 Metaspace       used 93776K, capacity 97984K, committed 98584K, reserved 1134592K
  class space    used 12181K, capacity 13007K, committed 13096K, reserved 1048576K
}
Event: 268.439 GC heap before
{Heap before GC invocations=21 (full 4):
 PSYoungGen      total 394240K, used 357888K [0x00000000d5580000, 0x00000000efd80000, 0x0000000100000000)
  eden space 357888K, 100% used [0x00000000d5580000,0x00000000eb300000,0x00000000eb300000)
  from space 36352K, 0% used [0x00000000ed500000,0x00000000ed500000,0x00000000ef880000)
  to   space 34816K, 0% used [0x00000000eb300000,0x00000000eb300000,0x00000000ed500000)
 ParOldGen       total 312320K, used 73912K [0x0000000080000000, 0x0000000093100000, 0x00000000d5580000)
  object space 312320K, 23% used [0x0000000080000000,0x000000008482e340,0x0000000093100000)
 Metaspace       used 95851K, capacity 100312K, committed 100504K, reserved 1136640K
  class space    used 12486K, capacity 13391K, committed 13480K, reserved 1048576K
Event: 268.452 GC heap after
Heap after GC invocations=21 (full 4):
 PSYoungGen      total 392704K, used 16584K [0x00000000d5580000, 0x00000000f1f00000, 0x0000000100000000)
  eden space 357888K, 0% used [0x00000000d5580000,0x00000000d5580000,0x00000000eb300000)
  from space 34816K, 47% used [0x00000000eb300000,0x00000000ec332048,0x00000000ed500000)
  to   space 33280K, 0% used [0x00000000efe80000,0x00000000efe80000,0x00000000f1f00000)
 ParOldGen       total 312320K, used 73920K [0x0000000080000000, 0x0000000093100000, 0x00000000d5580000)
  object space 312320K, 23% used [0x0000000080000000,0x0000000084830340,0x0000000093100000)
 Metaspace       used 95851K, capacity 100312K, committed 100504K, reserved 1136640K
  class space    used 12486K, capacity 13391K, committed 13480K, reserved 1048576K
}
Event: 367.477 GC heap before
{Heap before GC invocations=22 (full 4):
 PSYoungGen      total 392704K, used 374472K [0x00000000d5580000, 0x00000000f1f00000, 0x0000000100000000)
  eden space 357888K, 100% used [0x00000000d5580000,0x00000000eb300000,0x00000000eb300000)
  from space 34816K, 47% used [0x00000000eb300000,0x00000000ec332048,0x00000000ed500000)
  to   space 33280K, 0% used [0x00000000efe80000,0x00000000efe80000,0x00000000f1f00000)
 ParOldGen       total 312320K, used 73920K [0x0000000080000000, 0x0000000093100000, 0x00000000d5580000)
  object space 312320K, 23% used [0x0000000080000000,0x0000000084830340,0x0000000093100000)
 Metaspace       used 96175K, capacity 100802K, committed 101016K, reserved 1136640K
  class space    used 12508K, capacity 13430K, committed 13480K, reserved 1048576K
Event: 367.496 GC heap after
Heap after GC invocations=22 (full 4):
 PSYoungGen      total 415744K, used 15804K [0x00000000d5580000, 0x00000000f1400000, 0x0000000100000000)
  eden space 393728K, 0% used [0x00000000d5580000,0x00000000d5580000,0x00000000ed600000)
  from space 22016K, 71% used [0x00000000efe80000,0x00000000f0def150,0x00000000f1400000)
  to   space 31744K, 0% used [0x00000000ed600000,0x00000000ed600000,0x00000000ef500000)
 ParOldGen       total 312320K, used 73928K [0x0000000080000000, 0x0000000093100000, 0x00000000d5580000)
  object space 312320K, 23% used [0x0000000080000000,0x0000000084832340,0x0000000093100000)
 Metaspace       used 96175K, capacity 100802K, committed 101016K, reserved 1136640K
  class space    used 12508K, capacity 13430K, committed 13480K, reserved 1048576K
}
Event: 375.206 GC heap before
{Heap before GC invocations=23 (full 4):
 PSYoungGen      total 415744K, used 409532K [0x00000000d5580000, 0x00000000f1400000, 0x0000000100000000)
  eden space 393728K, 100% used [0x00000000d5580000,0x00000000ed600000,0x00000000ed600000)
  from space 22016K, 71% used [0x00000000efe80000,0x00000000f0def150,0x00000000f1400000)
  to   space 31744K, 0% used [0x00000000ed600000,0x00000000ed600000,0x00000000ef500000)
 ParOldGen       total 312320K, used 73928K [0x0000000080000000, 0x0000000093100000, 0x00000000d5580000)
  object space 312320K, 23% used [0x0000000080000000,0x0000000084832340,0x0000000093100000)
 Metaspace       used 106286K, capacity 111128K, committed 111512K, reserved 1146880K
  class space    used 13678K, capacity 14668K, committed 14760K, reserved 1048576K
Event: 375.295 GC heap after
Heap after GC invocations=23 (full 4):
 PSYoungGen      total 425472K, used 31729K [0x00000000d5580000, 0x00000000f8780000, 0x0000000100000000)
  eden space 393728K, 0% used [0x00000000d5580000,0x00000000d5580000,0x00000000ed600000)
  from space 31744K, 99% used [0x00000000ed600000,0x00000000ef4fc6d8,0x00000000ef500000)
  to   space 70656K, 0% used [0x00000000f4280000,0x00000000f4280000,0x00000000f8780000)
 ParOldGen       total 312320K, used 168138K [0x0000000080000000, 0x0000000093100000, 0x00000000d5580000)
  object space 312320K, 53% used [0x0000000080000000,0x000000008a432950,0x0000000093100000)
 Metaspace       used 106286K, capacity 111128K, committed 111512K, reserved 1146880K
  class space    used 13678K, capacity 14668K, committed 14760K, reserved 1048576K
}
Event: 377.647 GC heap before
{Heap before GC invocations=24 (full 4):
 PSYoungGen      total 425472K, used 425457K [0x00000000d5580000, 0x00000000f8780000, 0x0000000100000000)
  eden space 393728K, 100% used [0x00000000d5580000,0x00000000ed600000,0x00000000ed600000)
  from space 31744K, 99% used [0x00000000ed600000,0x00000000ef4fc6d8,0x00000000ef500000)
  to   space 70656K, 0% used [0x00000000f4280000,0x00000000f4280000,0x00000000f8780000)
 ParOldGen       total 312320K, used 168138K [0x0000000080000000, 0x0000000093100000, 0x00000000d5580000)
  object space 312320K, 53% used [0x0000000080000000,0x000000008a432950,0x0000000093100000)
 Metaspace       used 116575K, capacity 122398K, committed 122520K, reserved 1155072K
  class space    used 15093K, capacity 16237K, committed 16296K, reserved 1048576K
Event: 377.725 GC heap after
Heap after GC invocations=24 (full 4):
 PSYoungGen      total 464384K, used 63990K [0x00000000d5580000, 0x00000000f8780000, 0x0000000100000000)
  eden space 393728K, 0% used [0x00000000d5580000,0x00000000d5580000,0x00000000ed600000)
  from space 70656K, 90% used [0x00000000f4280000,0x00000000f80fda78,0x00000000f8780000)
  to   space 31744K, 0% used [0x00000000ed600000,0x00000000ed600000,0x00000000ef500000)
 ParOldGen       total 312320K, used 168138K [0x0000000080000000, 0x0000000093100000, 0x00000000d5580000)
  object space 312320K, 53% used [0x0000000080000000,0x000000008a432950,0x0000000093100000)
 Metaspace       used 116575K, capacity 122398K, committed 122520K, reserved 1155072K
  class space    used 15093K, capacity 16237K, committed 16296K, reserved 1048576K
}

Deoptimization events (10 events):
Event: 378.340 Thread 0x000000001f081000 Uncommon trap: reason=class_check action=maybe_recompile pc=0x00000000063b4d58 method=com.android.tools.r8.ir.conversion.o.a(Lcom/android/tools/r8/ir/conversion/N;IZ)V @ 472
Event: 378.363 Thread 0x000000001f081000 Uncommon trap: reason=class_check action=maybe_recompile pc=0x00000000063cb9dc method=com.android.tools.r8.u.a.i.e.b(Lcom/android/tools/r8/u/b/h0;)V @ 226
Event: 378.363 Thread 0x000000001f081000 Uncommon trap: reason=class_check action=maybe_recompile pc=0x00000000063cb9dc method=com.android.tools.r8.u.a.i.e.b(Lcom/android/tools/r8/u/b/h0;)V @ 226
Event: 378.383 Thread 0x000000001f081000 Uncommon trap: reason=unstable_if action=reinterpret pc=0x00000000060c3df8 method=com.android.tools.r8.v.a.a.a.f.X$e.contains(Ljava/lang/Object;)Z @ 124
Event: 378.596 Thread 0x000000001f07e800 Uncommon trap: reason=class_check action=maybe_recompile pc=0x000000000640d20c method=com.android.tools.r8.u.b.n.c(Lcom/android/tools/r8/u/b/n;)Z @ 29
Event: 378.596 Thread 0x000000001f07e800 Uncommon trap: reason=class_check action=maybe_recompile pc=0x000000000640d20c method=com.android.tools.r8.u.b.n.c(Lcom/android/tools/r8/u/b/n;)Z @ 29
Event: 378.596 Thread 0x000000001f07e800 Uncommon trap: reason=class_check action=maybe_recompile pc=0x000000000640d20c method=com.android.tools.r8.u.b.n.c(Lcom/android/tools/r8/u/b/n;)Z @ 29
Event: 378.596 Thread 0x000000001f07e800 Uncommon trap: reason=class_check action=maybe_recompile pc=0x000000000640d20c method=com.android.tools.r8.u.b.n.c(Lcom/android/tools/r8/u/b/n;)Z @ 29
Event: 378.691 Thread 0x000000001f081000 Uncommon trap: reason=unstable_if action=reinterpret pc=0x00000000063b3848 method=com.android.tools.r8.ir.conversion.o.a(Lcom/android/tools/r8/ir/conversion/N;IZ)V @ 605
Event: 378.700 Thread 0x000000001f081000 Uncommon trap: reason=unstable_if action=reinterpret pc=0x0000000004154f68 method=com.android.tools.r8.ir.regalloc.a.a(Lcom/android/tools/r8/u/b/h0;Lcom/android/tools/r8/ir/regalloc/a$b;)Z @ 75

Classes redefined (0 events):
No events

Internal exceptions (10 events):
Event: 376.195 Thread 0x000000001f07e800 Exception <a 'sun/nio/fs/WindowsException'> (0x00000000dffbce18) thrown at [C:\src\AOSP-openjdk-git\hotspot\src\share\vm\prims\jni.cpp, line 710]
Event: 376.638 Thread 0x000000001f281000 Exception <a 'java/lang/NoSuchMethodError': java.lang.Object.lambda$maxBy$1(Ljava/util/Comparator;Ljava/lang/Object;Ljava/lang/Object;)Ljava/lang/Object;> (0x00000000e66b6a10) thrown at [C:\src\AOSP-openjdk-git\hotspot\src\share\vm\interpreter\linkResolve
Event: 376.973 Thread 0x000000001f281000 Exception <a 'sun/nio/fs/WindowsException'> (0x00000000e851a7f0) thrown at [C:\src\AOSP-openjdk-git\hotspot\src\share\vm\prims\jni.cpp, line 710]
Event: 377.257 Thread 0x000000001f281000 Exception <a 'sun/nio/fs/WindowsException'> (0x00000000e9f88c78) thrown at [C:\src\AOSP-openjdk-git\hotspot\src\share\vm\prims\jni.cpp, line 710]
Event: 377.598 Thread 0x000000001f281000 Exception <a 'sun/nio/fs/WindowsException'> (0x00000000ec6e1b40) thrown at [C:\src\AOSP-openjdk-git\hotspot\src\share\vm\prims\jni.cpp, line 710]
Event: 377.772 Thread 0x000000001f081000 Exception <a 'sun/nio/fs/WindowsException'> (0x00000000d5e85140) thrown at [C:\src\AOSP-openjdk-git\hotspot\src\share\vm\prims\jni.cpp, line 710]
Event: 378.076 Thread 0x000000001f081000 Exception <a 'sun/nio/fs/WindowsException'> (0x00000000dabe37a0) thrown at [C:\src\AOSP-openjdk-git\hotspot\src\share\vm\prims\jni.cpp, line 710]
Event: 378.096 Thread 0x000000001f281000 Exception <a 'sun/nio/fs/WindowsException'> (0x00000000dad707e0) thrown at [C:\src\AOSP-openjdk-git\hotspot\src\share\vm\prims\jni.cpp, line 710]
Event: 378.275 Thread 0x000000001f081000 Exception <a 'sun/nio/fs/WindowsException'> (0x00000000dd50d230) thrown at [C:\src\AOSP-openjdk-git\hotspot\src\share\vm\prims\jni.cpp, line 710]
Event: 378.510 Thread 0x000000001f281000 Exception <a 'sun/nio/fs/WindowsException'> (0x00000000e10fcc50) thrown at [C:\src\AOSP-openjdk-git\hotspot\src\share\vm\prims\jni.cpp, line 710]

Events (10 events):
Event: 378.630 loading class com/android/tools/r8/code/r3
Event: 378.630 loading class com/android/tools/r8/code/r3 done
Event: 378.630 loading class com/android/tools/r8/code/v3
Event: 378.630 loading class com/android/tools/r8/code/v3 done
Event: 378.691 Thread 0x000000001f081000 Uncommon trap: trap_request=0xffffff65 fr.pc=0x00000000063b3848
Event: 378.691 Thread 0x000000001f081000 DEOPT PACKING pc=0x00000000063b3848 sp=0x0000000024d6a270
Event: 378.691 Thread 0x000000001f081000 DEOPT UNPACKING pc=0x00000000028a557b sp=0x0000000024d6a248 mode 2
Event: 378.700 Thread 0x000000001f081000 Uncommon trap: trap_request=0xffffff65 fr.pc=0x0000000004154f68
Event: 378.700 Thread 0x000000001f081000 DEOPT PACKING pc=0x0000000004154f68 sp=0x0000000024d69e60
Event: 378.700 Thread 0x000000001f081000 DEOPT UNPACKING pc=0x00000000028a557b sp=0x0000000024d69e00 mode 2


Dynamic libraries:
0x00007ff7489d0000 - 0x00007ff748a01000 	C:\Program Files\Android\Android Studio\jre\bin\java.exe
0x00007fffaa0a0000 - 0x00007fffaa290000 	C:\Windows\SYSTEM32\ntdll.dll
0x00007fffa8f80000 - 0x00007fffa9032000 	C:\Windows\System32\KERNEL32.DLL
0x00007fffa7030000 - 0x00007fffa72d5000 	C:\Windows\System32\KERNELBASE.dll
0x00007fffa8290000 - 0x00007fffa8333000 	C:\Windows\System32\ADVAPI32.dll
0x00007fffa8bf0000 - 0x00007fffa8c8e000 	C:\Windows\System32\msvcrt.dll
0x00007fffa9fc0000 - 0x00007fffaa057000 	C:\Windows\System32\sechost.dll
0x00007fffa84e0000 - 0x00007fffa8600000 	C:\Windows\System32\RPCRT4.dll
0x00007fffa8340000 - 0x00007fffa84d5000 	C:\Windows\System32\USER32.dll
0x00007fffa7fd0000 - 0x00007fffa7ff1000 	C:\Windows\System32\win32u.dll
0x00007fffa9f90000 - 0x00007fffa9fb6000 	C:\Windows\System32\GDI32.dll
0x00007fffa7420000 - 0x00007fffa75b6000 	C:\Windows\System32\gdi32full.dll
0x00007fffa7690000 - 0x00007fffa772e000 	C:\Windows\System32\msvcp_win.dll
0x00007fffa7ed0000 - 0x00007fffa7fca000 	C:\Windows\System32\ucrtbase.dll
0x00007fff8f600000 - 0x00007fff8f884000 	C:\Windows\WinSxS\amd64_microsoft.windows.common-controls_6595b64144ccf1df_6.0.18362.1082_none_9e8193e1e45b25c1\COMCTL32.dll
0x00007fffa86d0000 - 0x00007fffa8a05000 	C:\Windows\System32\combase.dll
0x00007fffa7610000 - 0x00007fffa7690000 	C:\Windows\System32\bcryptPrimitives.dll
0x00007fffa8a10000 - 0x00007fffa8a3e000 	C:\Windows\System32\IMM32.DLL
0x0000000056380000 - 0x0000000056452000 	C:\Program Files\Android\Android Studio\jre\jre\bin\msvcr100.dll
0x00000000537b0000 - 0x0000000053ffb000 	C:\Program Files\Android\Android Studio\jre\jre\bin\server\jvm.dll
0x00007fffa8c90000 - 0x00007fffa8c98000 	C:\Windows\System32\PSAPI.DLL
0x00007fffa50b0000 - 0x00007fffa50b9000 	C:\Windows\SYSTEM32\WSOCK32.dll
0x00007fffa9040000 - 0x00007fffa90af000 	C:\Windows\System32\WS2_32.dll
0x00007fffa4ee0000 - 0x00007fffa4f04000 	C:\Windows\SYSTEM32\WINMM.dll
0x00007fff9ef20000 - 0x00007fff9ef2a000 	C:\Windows\SYSTEM32\VERSION.dll
0x00007fffa4b40000 - 0x00007fffa4b6d000 	C:\Windows\SYSTEM32\WINMMBASE.dll
0x00007fffa75c0000 - 0x00007fffa760a000 	C:\Windows\System32\cfgmgr32.dll
0x00007fff9f760000 - 0x00007fff9f76f000 	C:\Program Files\Android\Android Studio\jre\jre\bin\verify.dll
0x00007fff9c090000 - 0x00007fff9c0b9000 	C:\Program Files\Android\Android Studio\jre\jre\bin\java.dll
0x00007fff9c2e0000 - 0x00007fff9c2f6000 	C:\Program Files\Android\Android Studio\jre\jre\bin\zip.dll
0x00007fffa90c0000 - 0x00007fffa97a7000 	C:\Windows\System32\SHELL32.dll
0x00007fffa8600000 - 0x00007fffa86a9000 	C:\Windows\System32\shcore.dll
0x00007fffa7730000 - 0x00007fffa7eb0000 	C:\Windows\System32\windows.storage.dll
0x00007fffa7000000 - 0x00007fffa7023000 	C:\Windows\System32\profapi.dll
0x00007fffa6f90000 - 0x00007fffa6fda000 	C:\Windows\System32\powrprof.dll
0x00007fffa6f60000 - 0x00007fffa6f70000 	C:\Windows\System32\UMPDC.dll
0x00007fffa8e00000 - 0x00007fffa8e52000 	C:\Windows\System32\shlwapi.dll
0x00007fffa6f70000 - 0x00007fffa6f81000 	C:\Windows\System32\kernel.appcore.dll
0x00007fffa7eb0000 - 0x00007fffa7ec7000 	C:\Windows\System32\cryptsp.dll
0x00007fff9b4d0000 - 0x00007fff9b4ea000 	C:\Program Files\Android\Android Studio\jre\jre\bin\net.dll
0x00007fffa67b0000 - 0x00007fffa6817000 	C:\Windows\system32\mswsock.dll
0x00007fff997c0000 - 0x00007fff997d3000 	C:\Program Files\Android\Android Studio\jre\jre\bin\nio.dll
0x00007fff8ce00000 - 0x00007fff8ce26000 	C:\Users\Lenovo\.gradle\native\31\windows-amd64\native-platform.dll
0x00007fff9c3f0000 - 0x00007fff9c3fd000 	C:\Program Files\Android\Android Studio\jre\jre\bin\management.dll
0x00007fffa6320000 - 0x00007fffa6353000 	C:\Windows\system32\rsaenh.dll
0x00007fffa73f0000 - 0x00007fffa7416000 	C:\Windows\System32\bcrypt.dll
0x00007fffa6e80000 - 0x00007fffa6ea5000 	C:\Windows\SYSTEM32\USERENV.dll
0x00007fffa6980000 - 0x00007fffa698c000 	C:\Windows\SYSTEM32\CRYPTBASE.dll
0x00007fffa64c0000 - 0x00007fffa64fa000 	C:\Windows\SYSTEM32\IPHLPAPI.DLL
0x00007fffa90b0000 - 0x00007fffa90b8000 	C:\Windows\System32\NSI.dll
0x00007fff9e950000 - 0x00007fff9e966000 	C:\Windows\SYSTEM32\dhcpcsvc6.DLL
0x00007fff9e930000 - 0x00007fff9e94c000 	C:\Windows\SYSTEM32\dhcpcsvc.DLL
0x00007fffa6500000 - 0x00007fffa65cb000 	C:\Windows\SYSTEM32\DNSAPI.dll
0x00007fffa5fa0000 - 0x00007fffa5fd1000 	C:\Windows\SYSTEM32\ntmarta.dll
0x00007fff99850000 - 0x00007fff9986e000 	C:\Users\Lenovo\AppData\Local\Temp\native-platform8710819566514816342dir\native-platform.dll

VM Arguments:
jvm_args: -Xmx2048m -Dfile.encoding=windows-1252 -Duser.country=US -Duser.language=en -Duser.variant 
java_command: org.gradle.launcher.daemon.bootstrap.GradleDaemon 6.1.1
java_class_path (initial): C:\Users\Lenovo\.gradle\wrapper\dists\gradle-6.1.1-all\cfmwm155h49vnt3hynmlrsdst\gradle-6.1.1\lib\gradle-launcher-6.1.1.jar
Launcher Type: SUN_STANDARD

Environment Variables:
JAVA_HOME=C:\Program Files\Java\jdk1.8.0_201
PATH=C:\Program Files (x86)\Common Files\Oracle\Java\javapath;C:\Windows\system32;C:\Windows;C:\Windows\System32\Wbem;C:\Windows\System32\WindowsPowerShell\v1.0\;C:\Windows\System32\OpenSSH\;C:\Program Files\nodejs\;C:\Program Files\Microsoft SQL Server\Client SDK\ODBC\170\Tools\Binn\;C:\Program Files (x86)\Bitvise SSH Client;C:\xampp\php;C:\ProgramData\ComposerSetup\bin;C:\Users\Lenovo\AppData\Roaming\Composer\vendor\bin;C:\Program Files (x86)\Microsoft SQL Server\150\Tools\Binn\;C:\Program Files\Microsoft SQL Server\150\Tools\Binn\;C:\Program Files\Microsoft SQL Server\150\DTS\Binn\;C:\Program Files (x86)\Microsoft SQL Server\150\DTS\Binn\;D:\CODE\AndroidStudio\sqlite-tools-win32-x86-3320300\sqlite-tools-win32-x86-3320300;C:\Program Files\Java\jdk1.8.0_201\bin;C:\Program Files\dotnet\;C:\Program Files\Microsoft SQL Server\130\Tools\Binn\;C:\Users\Lenovo\AppData\Local\Programs\Python\Python38\Scripts\;C:\Users\Lenovo\AppData\Local\Programs\Python\Python38\;C:\Users\Lenovo\AppData\Local\Microsoft\WindowsApps;C:\Users\Lenovo\AppData\Local\Programs\Microsoft VS Code\bin;C:\Users\Lenovo\AppData\Roaming\npm;C:\Users\Lenovo\AppData\Roaming\Composer\vendor\bin;C:\Users\Lenovo\.dotnet\tools;D:\App\flutter\bin;
USERNAME=Lenovo
OS=Windows_NT
PROCESSOR_IDENTIFIER=Intel64 Family 6 Model 158 Stepping 9, GenuineIntel



---------------  S Y S T E M  ---------------

OS: Windows 10.0 , 64 bit Build 18362 (10.0.18362.1082)

CPU:total 4 (initial active 4) (4 cores per cpu, 1 threads per core) family 6 model 158 stepping 9, cmov, cx8, fxsr, mmx, sse, sse2, sse3, ssse3, sse4.1, sse4.2, popcnt, avx, avx2, aes, clmul, erms, 3dnowpref, lzcnt, tsc, tscinvbit, bmi1, bmi2, adx

Memory: 4k page, physical 16649380k(1848540k free), swap 23465124k(6020k free)

vm_info: OpenJDK 64-Bit Server VM (25.242-b01) for windows-amd64 JRE (1.8.0_242-release-1644-b01), built by "builder" with MS VC++ 10.0 (VS2010)

time: Tue Sep 22 17:09:26 2020
timezone: SE Asia Standard Time
elapsed time: 378 seconds (0d 0h 6m 18s)

